<?xml version="1.0" encoding="UTF-8"?>
<testsuite xmlns:xsi="http://www.w3.org/2001/XMLSchema-instance" xsi:schemaLocation="https://maven.apache.org/surefire/maven-surefire-plugin/xsd/surefire-test-report.xsd" name="com.osk2090.mapper.BoardMapperTest" time="1.6" tests="4" errors="0" skipped="0" failures="0">
  <properties>
[...]
</properties>
  <testcase name="testRead" classname="com.osk2090.mapper.BoardMapperTest" time="0.176"/>
  <testcase name="testGetList" classname="com.osk2090.mapper.BoardMapperTest" time="0.055"/>
  <testcase name="testInsertSelectKey" classname="com.osk2090.mapper.BoardMapperTest" time="0.011"/>
  <testcase name="testInsert" classname="com.osk2090.mapper.BoardMapperTest" time="0.004"/>
</testsuite>